Using pre-set license
Built from '2020.3/release' branch; Version is '2020.3.12f1 (b3b2c6512326) revision 11776710'; Using compiler version '192528614'; Build Type 'Release'
OS: 'Windows 10 Home; OS build 19045.3930; Version 2009; 64bit' Language: 'en' Physical Memory: 20471 MB
BatchMode: 1, IsHumanControllingUs: 0, StartBugReporterOnCrash: 0, Is64bit: 1, IsPro: 0

 COMMAND LINE ARGUMENTS:
C:\Program Files\Unity Editors\2020.3.12f1\Editor\Unity.exe
-adb2
-batchMode
-noUpm
-name
AssetImportWorker1
-projectPath
C:/Users/vince/Unity Projects/Study Series - Top Down TRPG
-logFile
Logs/AssetImportWorker1.log
-srvPort
49891
Successfully changed project path to: C:/Users/vince/Unity Projects/Study Series - Top Down TRPG
C:/Users/vince/Unity Projects/Study Series - Top Down TRPG
Using Asset Import Pipeline V2.
Refreshing native plugins compatible for Editor in 74.16 ms, found 2 plugins.
Preloading 0 native plugins for Editor in 0.00 ms.
Initialize engine version: 2020.3.12f1 (b3b2c6512326)
[Subsystems] Discovering subsystems at path C:/Program Files/Unity Editors/2020.3.12f1/Editor/Data/Resources/UnitySubsystems
[Subsystems] Discovering subsystems at path C:/Users/vince/Unity Projects/Study Series - Top Down TRPG/Assets
GfxDevice: creating device client; threaded=0
Direct3D:
    Version:  Direct3D 11.0 [level 11.1]
    Renderer: NVIDIA GeForce GTX 980 (ID=0x13c0)
    Vendor:   
    VRAM:     4047 MB
    Driver:   31.0.15.3623
Initialize mono
Mono path[0] = 'C:/Program Files/Unity Editors/2020.3.12f1/Editor/Data/Managed'
Mono path[1] = 'C:/Program Files/Unity Editors/2020.3.12f1/Editor/Data/MonoBleedingEdge/lib/mono/unityjit'
Mono config path = 'C:/Program Files/Unity Editors/2020.3.12f1/Editor/Data/MonoBleedingEdge/etc'
Using monoOptions --debugger-agent=transport=dt_socket,embedding=1,server=y,suspend=n,address=127.0.0.1:56260
Begin MonoManager ReloadAssembly
Registering precompiled unity dll's ...
Register platform support module: C:/Program Files/Unity Editors/2020.3.12f1/Editor/Data/PlaybackEngines/WindowsStandaloneSupport/UnityEditor.WindowsStandalone.Extensions.dll
Registered in 0.004162 seconds.
Native extension for WindowsStandalone target not found
Refreshing native plugins compatible for Editor in 61.95 ms, found 2 plugins.
Preloading 0 native plugins for Editor in 0.00 ms.
Mono: successfully reloaded assembly
- Completed reload, in  4.545 seconds
Platform modules already initialized, skipping
Registering precompiled user dll's ...
Registered in 0.008569 seconds.
Begin MonoManager ReloadAssembly
Native extension for WindowsStandalone target not found
Refreshing native plugins compatible for Editor in 0.60 ms, found 2 plugins.
Preloading 0 native plugins for Editor in 0.00 ms.
Mono: successfully reloaded assembly
- Completed reload, in  8.051 seconds
Platform modules already initialized, skipping
========================================================================
Worker process is ready to serve import requests
Launched and connected shader compiler UnityShaderCompiler.exe after 0.18 seconds
Refreshing native plugins compatible for Editor in 0.79 ms, found 2 plugins.
Preloading 0 native plugins for Editor in 0.00 ms.
Unloading 1691 Unused Serialized files (Serialized files now loaded: 0)
System memory in use before: 77.4 MB.
System memory in use after: 77.4 MB.

Unloading 23 unused Assets to reduce memory usage. Loaded Objects now: 2131.
Total: 3.544200 ms (FindLiveObjects: 0.285000 ms CreateObjectMapping: 0.128800 ms MarkObjects: 3.001500 ms  DeleteObjects: 0.125600 ms)

AssetImportParameters requested are different than current active one (requested -> active):
  custom:framework-win-MediaFoundation: 216162199b28c13a410421893ffa2e32 -> 
  custom:video-decoder-ogg-theora: a1e56fd34408186e4bbccfd4996cb3dc -> 
  custom:container-muxer-webm: aa71ff27fc2769a1b78a27578f13a17b -> 
  custom:container-demuxer-webm: 4f35f7cbe854078d1ac9338744f61a02 -> 
  custom:container-demuxer-ogg: 62fdf1f143b41e24485cea50d1cbac27 -> 
  custom:video-encoder-webm-vp8: eb34c28f22e8b96e1ab97ce403110664 -> 
  custom:video-decoder-webm-vp8: 9c59270c3fd7afecdb556c50c9e8de78 -> 
  custom:audio-decoder-ogg-vorbis: bf7c407c2cedff20999df2af8eb42d56 -> 
  custom:audio-encoder-webm-vorbis: bf7c407c2cedff20999df2af8eb42d56 -> 
========================================================================
Received Import Request.
  path: Assets/Artwork/Mystery Font.ttf
  artifactKey: Guid(ba5152c023a7e844f8aef44159f5b910) Importer(815301076,1909f56bfc062723c751e8b465ee728b)
Start importing Assets/Artwork/Mystery Font.ttf using Guid(ba5152c023a7e844f8aef44159f5b910) Importer(815301076,1909f56bfc062723c751e8b465ee728b)  -> (artifact id: '48cc2d6d8940bd448a0f1188396120eb') in 0.309642 seconds 
  Import took 0.315121 seconds .

========================================================================
Received Import Request.
  Time since last request: 125.838310 seconds.
  path: Assets/Artwork/Mystery Font SDF.asset
  artifactKey: Guid(be830c508cba76a43a7f15c0465c729d) Importer(815301076,1909f56bfc062723c751e8b465ee728b)
Start importing Assets/Artwork/Mystery Font SDF.asset using Guid(be830c508cba76a43a7f15c0465c729d) Importer(815301076,1909f56bfc062723c751e8b465ee728b)  -> (artifact id: '3adb0a5aed91fe69b088982044abc959') in 0.085296 seconds 
  Import took 0.089880 seconds .

========================================================================
Received Import Request.
  Time since last request: 88.075031 seconds.
  path: Assets/TextMesh Pro/Resources/Fonts & Materials/LiberationSans SDF.asset
  artifactKey: Guid(8f586378b4e144a9851e7b34d9b748ee) Importer(815301076,1909f56bfc062723c751e8b465ee728b)
Start importing Assets/TextMesh Pro/Resources/Fonts & Materials/LiberationSans SDF.asset using Guid(8f586378b4e144a9851e7b34d9b748ee) Importer(815301076,1909f56bfc062723c751e8b465ee728b)  -> (artifact id: 'f62ac68b5f5b02bbc256c8d20649479e') in 0.086570 seconds 
  Import took 0.091278 seconds .

========================================================================
Received Import Request.
  Time since last request: 11.504996 seconds.
  path: Assets/Artwork/Mystery Font.ttf
  artifactKey: Guid(ba5152c023a7e844f8aef44159f5b910) Importer(815301076,1909f56bfc062723c751e8b465ee728b)
Start importing Assets/Artwork/Mystery Font.ttf using Guid(ba5152c023a7e844f8aef44159f5b910) Importer(815301076,1909f56bfc062723c751e8b465ee728b)  -> (artifact id: 'b50f06ff0ccd73e9a91362ba47a6ed93') in 0.014465 seconds 
  Import took 0.018405 seconds .

========================================================================
Received Import Request.
  Time since last request: 114.780534 seconds.
  path: Assets/Artwork/Mystery Font SDF.asset
  artifactKey: Guid(be830c508cba76a43a7f15c0465c729d) Importer(815301076,1909f56bfc062723c751e8b465ee728b)
Start importing Assets/Artwork/Mystery Font SDF.asset using Guid(be830c508cba76a43a7f15c0465c729d) Importer(815301076,1909f56bfc062723c751e8b465ee728b)  -> (artifact id: 'a26318980a1b5d8e28b57e0c4f5daf9f') in 0.028216 seconds 
  Import took 0.032671 seconds .

========================================================================
Received Import Request.
  Time since last request: 98.534391 seconds.
  path: Assets/Artwork/Mystery Font SDF.asset
  artifactKey: Guid(be830c508cba76a43a7f15c0465c729d) Importer(815301076,1909f56bfc062723c751e8b465ee728b)
Start importing Assets/Artwork/Mystery Font SDF.asset using Guid(be830c508cba76a43a7f15c0465c729d) Importer(815301076,1909f56bfc062723c751e8b465ee728b)  -> (artifact id: '846e62ecaf6192a8fa704cbd2c900cc4') in 0.038550 seconds 
  Import took 0.043699 seconds .

========================================================================
Received Import Request.
  Time since last request: 85.081322 seconds.
  path: Assets/Artwork/Mystery Font.ttf
  artifactKey: Guid(ba5152c023a7e844f8aef44159f5b910) Importer(815301076,1909f56bfc062723c751e8b465ee728b)
Start importing Assets/Artwork/Mystery Font.ttf using Guid(ba5152c023a7e844f8aef44159f5b910) Importer(815301076,1909f56bfc062723c751e8b465ee728b)  -> (artifact id: '14328ed8fa51cfaa8a74746bbd554096') in 0.019400 seconds 
  Import took 0.025228 seconds .

========================================================================
Received Import Request.
  Time since last request: 167.332639 seconds.
  path: Assets/Artwork/Mystery Font.ttf
  artifactKey: Guid(ba5152c023a7e844f8aef44159f5b910) Importer(815301076,1909f56bfc062723c751e8b465ee728b)
Start importing Assets/Artwork/Mystery Font.ttf using Guid(ba5152c023a7e844f8aef44159f5b910) Importer(815301076,1909f56bfc062723c751e8b465ee728b)  -> (artifact id: '10b9380bb1d7456af81979cab4d67b2d') in 0.019620 seconds 
  Import took 0.024990 seconds .

========================================================================
Received Import Request.
  Time since last request: 3.542842 seconds.
  path: Assets/Artwork/Mystery Font.ttf
  artifactKey: Guid(ba5152c023a7e844f8aef44159f5b910) Importer(815301076,1909f56bfc062723c751e8b465ee728b)
Start importing Assets/Artwork/Mystery Font.ttf using Guid(ba5152c023a7e844f8aef44159f5b910) Importer(815301076,1909f56bfc062723c751e8b465ee728b)  -> (artifact id: 'da8d8dffed60f23ab39892929709e8a1') in 0.032900 seconds 
  Import took 0.039237 seconds .

========================================================================
Received Import Request.
  Time since last request: 93.252281 seconds.
  path: Packages/com.unity.collab-proxy/Editor/PlasticSCM/Assets/Images/xlink.png
  artifactKey: Guid(556a2f3b046024d4c9621c1b4be5f0c1) Importer(815301076,1909f56bfc062723c751e8b465ee728b)
Start importing Packages/com.unity.collab-proxy/Editor/PlasticSCM/Assets/Images/xlink.png using Guid(556a2f3b046024d4c9621c1b4be5f0c1) Importer(815301076,1909f56bfc062723c751e8b465ee728b)  -> (artifact id: '2f3c5bc0c0fba4b241322da15c08a36f') in 0.222023 seconds 
  Import took 0.227619 seconds .

========================================================================
Received Import Request.
  Time since last request: 8.607455 seconds.
  path: Packages/com.unity.collab-proxy/Editor/PlasticSCM/Assets/Images/stepok.png
  artifactKey: Guid(d4780dc1205c7c7478c970d8c61d24e8) Importer(815301076,1909f56bfc062723c751e8b465ee728b)
Start importing Packages/com.unity.collab-proxy/Editor/PlasticSCM/Assets/Images/stepok.png using Guid(d4780dc1205c7c7478c970d8c61d24e8) Importer(815301076,1909f56bfc062723c751e8b465ee728b)  -> (artifact id: '3954831df12b2abc6caef3ebb04070a2') in 0.043134 seconds 
  Import took 0.048527 seconds .

========================================================================
Received Import Request.
  Time since last request: 0.000374 seconds.
  path: Packages/com.unity.collab-proxy/Editor/PlasticSCM/Assets/Images/step3@2x.png
  artifactKey: Guid(36e6970b84831434a9eac79abd03700b) Importer(815301076,1909f56bfc062723c751e8b465ee728b)
Start importing Packages/com.unity.collab-proxy/Editor/PlasticSCM/Assets/Images/step3@2x.png using Guid(36e6970b84831434a9eac79abd03700b) Importer(815301076,1909f56bfc062723c751e8b465ee728b)  -> (artifact id: 'e8f84bb0777f9f43be398774932059fb') in 0.046625 seconds 
  Import took 0.051227 seconds .

========================================================================
Received Import Request.
  Time since last request: 0.000429 seconds.
  path: Packages/com.unity.collab-proxy/Editor/PlasticSCM/Assets/Images/step3.png
  artifactKey: Guid(69899ed144c8eea4baea48b858b37746) Importer(815301076,1909f56bfc062723c751e8b465ee728b)
Start importing Packages/com.unity.collab-proxy/Editor/PlasticSCM/Assets/Images/step3.png using Guid(69899ed144c8eea4baea48b858b37746) Importer(815301076,1909f56bfc062723c751e8b465ee728b)  -> (artifact id: 'a05b07ffbaf6bc8e801b32a707094319') in 0.046890 seconds 
  Import took 0.052621 seconds .

========================================================================
Received Import Request.
  Time since last request: 0.000458 seconds.
  path: Packages/com.unity.collab-proxy/Editor/PlasticSCM/Assets/Images/stepok@2x.png
  artifactKey: Guid(be340a165cb9c8d4cb50f1deeb51d4ea) Importer(815301076,1909f56bfc062723c751e8b465ee728b)
Start importing Packages/com.unity.collab-proxy/Editor/PlasticSCM/Assets/Images/stepok@2x.png using Guid(be340a165cb9c8d4cb50f1deeb51d4ea) Importer(815301076,1909f56bfc062723c751e8b465ee728b)  -> (artifact id: 'f9587be7fd033b00619d6c4597d1b246') in 0.048024 seconds 
  Import took 0.053374 seconds .

========================================================================
Received Import Request.
  Time since last request: 207.210521 seconds.
  path: Assets/TextMesh Pro
  artifactKey: Guid(f54d1bd14bd3ca042bd867b519fee8cc) Importer(815301076,1909f56bfc062723c751e8b465ee728b)
Start importing Assets/TextMesh Pro using Guid(f54d1bd14bd3ca042bd867b519fee8cc) Importer(815301076,1909f56bfc062723c751e8b465ee728b)  -> (artifact id: '16b4cbde9565bf190136f1148817e1ea') in 0.020607 seconds 
  Import took 0.027011 seconds .

========================================================================
Received Import Request.
  Time since last request: 502.352691 seconds.
  path: Assets/Artwork/Mystery Font.ttf
  artifactKey: Guid(ba5152c023a7e844f8aef44159f5b910) Importer(815301076,1909f56bfc062723c751e8b465ee728b)
Start importing Assets/Artwork/Mystery Font.ttf using Guid(ba5152c023a7e844f8aef44159f5b910) Importer(815301076,1909f56bfc062723c751e8b465ee728b)  -> (artifact id: '0f11c71356b6d944e93f4d722aacf6a4') in 0.038537 seconds 
  Import took 0.045694 seconds .

========================================================================
Received Import Request.
  Time since last request: 37.880285 seconds.
  path: Assets/Artwork
  artifactKey: Guid(d98aa2b93b65ec645880d61946944003) Importer(815301076,1909f56bfc062723c751e8b465ee728b)
Start importing Assets/Artwork using Guid(d98aa2b93b65ec645880d61946944003) Importer(815301076,1909f56bfc062723c751e8b465ee728b)  -> (artifact id: '124b49076470651df9be7c391d541c93') in 0.016123 seconds 
  Import took 0.020452 seconds .

========================================================================
Received Import Request.
  Time since last request: 8.696120 seconds.
  path: Assets/Artwork/Fonts
  artifactKey: Guid(795241bf516f5654baea8a3a24ce8d1c) Importer(815301076,1909f56bfc062723c751e8b465ee728b)
Start importing Assets/Artwork/Fonts using Guid(795241bf516f5654baea8a3a24ce8d1c) Importer(815301076,1909f56bfc062723c751e8b465ee728b)  -> (artifact id: 'aaddf2f53b5ff9a1a2aa1eb9a1a8ea69') in 0.014620 seconds 
  Import took 0.018978 seconds .

========================================================================
Received Import Request.
  Time since last request: 0.002688 seconds.
  path: Assets/Artwork/Fonts
  artifactKey: Guid(795241bf516f5654baea8a3a24ce8d1c) Importer(815301076,1909f56bfc062723c751e8b465ee728b)
Start importing Assets/Artwork/Fonts using Guid(795241bf516f5654baea8a3a24ce8d1c) Importer(815301076,1909f56bfc062723c751e8b465ee728b)  -> (artifact id: 'aaddf2f53b5ff9a1a2aa1eb9a1a8ea69') in 0.004293 seconds 
  Import took 0.008646 seconds .

========================================================================
Received Import Request.
  Time since last request: 13.164765 seconds.
  path: Assets/Artwork/Fonts/TMP
  artifactKey: Guid(9d15be3e49d3d0d41ac5d36672c3d6f0) Importer(815301076,1909f56bfc062723c751e8b465ee728b)
Start importing Assets/Artwork/Fonts/TMP using Guid(9d15be3e49d3d0d41ac5d36672c3d6f0) Importer(815301076,1909f56bfc062723c751e8b465ee728b)  -> (artifact id: 'b2fac0f503692a6c6419a839adef05bf') in 0.015316 seconds 
  Import took 0.019926 seconds .

========================================================================
Received Import Request.
  Time since last request: 0.001673 seconds.
  path: Assets/Artwork/Fonts/TMP
  artifactKey: Guid(9d15be3e49d3d0d41ac5d36672c3d6f0) Importer(815301076,1909f56bfc062723c751e8b465ee728b)
Start importing Assets/Artwork/Fonts/TMP using Guid(9d15be3e49d3d0d41ac5d36672c3d6f0) Importer(815301076,1909f56bfc062723c751e8b465ee728b)  -> (artifact id: 'b2fac0f503692a6c6419a839adef05bf') in 0.003889 seconds 
  Import took 0.009678 seconds .

========================================================================
Received Import Request.
  Time since last request: 90.023110 seconds.
  path: Assets/Artwork/Fonts/TMP/Mystery Font SDF.asset
  artifactKey: Guid(71a2965a6c9dd4b48a8e55da6f101a3c) Importer(815301076,1909f56bfc062723c751e8b465ee728b)
Start importing Assets/Artwork/Fonts/TMP/Mystery Font SDF.asset using Guid(71a2965a6c9dd4b48a8e55da6f101a3c) Importer(815301076,1909f56bfc062723c751e8b465ee728b)  -> (artifact id: '59552f04a8ab7fe67b5468d38dac4884') in 0.036135 seconds 
  Import took 0.041607 seconds .

========================================================================
Received Import Request.
  Time since last request: 111.365950 seconds.
  path: Assets/Artwork/Fonts/TMP/Mystery Font SDF.asset
  artifactKey: Guid(71a2965a6c9dd4b48a8e55da6f101a3c) Importer(815301076,1909f56bfc062723c751e8b465ee728b)
Start importing Assets/Artwork/Fonts/TMP/Mystery Font SDF.asset using Guid(71a2965a6c9dd4b48a8e55da6f101a3c) Importer(815301076,1909f56bfc062723c751e8b465ee728b)  -> (artifact id: '5a38693ca8fb9ac63c9d7310b1754655') in 0.032896 seconds 
  Import took 0.037626 seconds .

========================================================================
Received Import Request.
  Time since last request: 423.257466 seconds.
  path: Assets/Artwork/UI/Panel.png
  artifactKey: Guid(1fa1d3669ea5ffe42926291c7e069932) Importer(815301076,1909f56bfc062723c751e8b465ee728b)
Start importing Assets/Artwork/UI/Panel.png using Guid(1fa1d3669ea5ffe42926291c7e069932) Importer(815301076,1909f56bfc062723c751e8b465ee728b)  -> (artifact id: 'd85f0daf6f10bc54115fdf71681a5282') in 0.038050 seconds 
  Import took 0.045478 seconds .

========================================================================
Received Import Request.
  Time since last request: 0.077754 seconds.
  path: Assets/Artwork/UI/Panel.png
  artifactKey: Guid(1fa1d3669ea5ffe42926291c7e069932) Importer(815301076,1909f56bfc062723c751e8b465ee728b)
Start importing Assets/Artwork/UI/Panel.png using Guid(1fa1d3669ea5ffe42926291c7e069932) Importer(815301076,1909f56bfc062723c751e8b465ee728b)  -> (artifact id: 'd85f0daf6f10bc54115fdf71681a5282') in 0.017726 seconds 
  Import took 0.023838 seconds .

========================================================================
Received Import Request.
  Time since last request: 18.262968 seconds.
  path: Assets/Artwork/UI/Panel.png
  artifactKey: Guid(1fa1d3669ea5ffe42926291c7e069932) Importer(815301076,1909f56bfc062723c751e8b465ee728b)
Start importing Assets/Artwork/UI/Panel.png using Guid(1fa1d3669ea5ffe42926291c7e069932) Importer(815301076,1909f56bfc062723c751e8b465ee728b)  -> (artifact id: 'fc96df98bcd5b60c611dc890f554eb49') in 0.030215 seconds 
  Import took 0.035380 seconds .

========================================================================
Received Import Request.
  Time since last request: 34.106972 seconds.
  path: Assets/Artwork/UI/Panel.png
  artifactKey: Guid(1fa1d3669ea5ffe42926291c7e069932) Importer(815301076,1909f56bfc062723c751e8b465ee728b)
Start importing Assets/Artwork/UI/Panel.png using Guid(1fa1d3669ea5ffe42926291c7e069932) Importer(815301076,1909f56bfc062723c751e8b465ee728b)  -> (artifact id: 'fa4b06395a2b431b5efcd5caf052ec68') in 0.023831 seconds 
  Import took 0.029462 seconds .

========================================================================
Received Import Request.
  Time since last request: 27.328681 seconds.
  path: Assets/Artwork/UI/Panel.png
  artifactKey: Guid(1fa1d3669ea5ffe42926291c7e069932) Importer(815301076,1909f56bfc062723c751e8b465ee728b)
Start importing Assets/Artwork/UI/Panel.png using Guid(1fa1d3669ea5ffe42926291c7e069932) Importer(815301076,1909f56bfc062723c751e8b465ee728b)  -> (artifact id: '49815caa317cebd3990e437f8db184b9') in 0.028943 seconds 
  Import took 0.036190 seconds .

========================================================================
Received Import Request.
  Time since last request: 289.570094 seconds.
  path: Assets/Artwork/UI/Panel.png
  artifactKey: Guid(1fa1d3669ea5ffe42926291c7e069932) Importer(815301076,1909f56bfc062723c751e8b465ee728b)
Start importing Assets/Artwork/UI/Panel.png using Guid(1fa1d3669ea5ffe42926291c7e069932) Importer(815301076,1909f56bfc062723c751e8b465ee728b)  -> (artifact id: '42a1973df1168f0e6057c7ed8b4a4637') in 0.016794 seconds 
  Import took 0.021871 seconds .

========================================================================
Received Import Request.
  Time since last request: 29.096176 seconds.
  path: Assets/Artwork/Fonts/TMP/Mystery Font SDF.asset
  artifactKey: Guid(71a2965a6c9dd4b48a8e55da6f101a3c) Importer(815301076,1909f56bfc062723c751e8b465ee728b)
Start importing Assets/Artwork/Fonts/TMP/Mystery Font SDF.asset using Guid(71a2965a6c9dd4b48a8e55da6f101a3c) Importer(815301076,1909f56bfc062723c751e8b465ee728b)  -> (artifact id: '9c9f44c39a6141ecc4394eb07c9a3770') in 0.025115 seconds 
  Import took 0.029397 seconds .

========================================================================
Received Import Request.
  Time since last request: 178.955147 seconds.
  path: Packages/com.unity.collab-proxy/Editor/PlasticSCM/Assets/Images/step2@2x.png
  artifactKey: Guid(0029170d14ce6c04c9f45c22cdae5559) Importer(815301076,1909f56bfc062723c751e8b465ee728b)
Start importing Packages/com.unity.collab-proxy/Editor/PlasticSCM/Assets/Images/step2@2x.png using Guid(0029170d14ce6c04c9f45c22cdae5559) Importer(815301076,1909f56bfc062723c751e8b465ee728b)  -> (artifact id: '48ddec4897356309ecbfa1bcf8aec110') in 0.034364 seconds 
  Import took 0.038394 seconds .

========================================================================
Received Import Request.
  Time since last request: 0.776281 seconds.
  path: Packages/com.unity.collab-proxy/Editor/PlasticSCM/Assets/Images/step1@2x.png
  artifactKey: Guid(affeade9874cf2347abb155e8d0db4d8) Importer(815301076,1909f56bfc062723c751e8b465ee728b)
Start importing Packages/com.unity.collab-proxy/Editor/PlasticSCM/Assets/Images/step1@2x.png using Guid(affeade9874cf2347abb155e8d0db4d8) Importer(815301076,1909f56bfc062723c751e8b465ee728b)  -> (artifact id: '3a81352c8f49eefb8fa487481a3dfb25') in 0.031524 seconds 
  Import took 0.036521 seconds .

========================================================================
Received Import Request.
  Time since last request: 0.000298 seconds.
  path: Packages/com.unity.collab-proxy/Editor/PlasticSCM/Assets/Images/step2.png
  artifactKey: Guid(cd0b17b71a5c498428ee91dee8a78a88) Importer(815301076,1909f56bfc062723c751e8b465ee728b)
Start importing Packages/com.unity.collab-proxy/Editor/PlasticSCM/Assets/Images/step2.png using Guid(cd0b17b71a5c498428ee91dee8a78a88) Importer(815301076,1909f56bfc062723c751e8b465ee728b)  -> (artifact id: 'fd466d6eba7976ad1e9627b2e7d8f229') in 0.028474 seconds 
  Import took 0.032615 seconds .

========================================================================
Received Import Request.
  Time since last request: 0.258456 seconds.
  path: Packages/com.unity.collab-proxy/Editor/PlasticSCM/Assets/Images/step1.png
  artifactKey: Guid(9ce84ff0fdeb13d4a83f077d075dd9a5) Importer(815301076,1909f56bfc062723c751e8b465ee728b)
Start importing Packages/com.unity.collab-proxy/Editor/PlasticSCM/Assets/Images/step1.png using Guid(9ce84ff0fdeb13d4a83f077d075dd9a5) Importer(815301076,1909f56bfc062723c751e8b465ee728b)  -> (artifact id: '6b3b000b79ebf6c6bbbe657b790dffe6') in 0.028185 seconds 
  Import took 0.032428 seconds .

========================================================================
Received Import Request.
  Time since last request: 0.291915 seconds.
  path: Packages/com.unity.collab-proxy/Editor/PlasticSCM/Assets/Images/ok.png
  artifactKey: Guid(3238dca1e9ea9fb4aa64b28298ba6dbd) Importer(815301076,1909f56bfc062723c751e8b465ee728b)
Start importing Packages/com.unity.collab-proxy/Editor/PlasticSCM/Assets/Images/ok.png using Guid(3238dca1e9ea9fb4aa64b28298ba6dbd) Importer(815301076,1909f56bfc062723c751e8b465ee728b)  -> (artifact id: 'b459f8ff2bebc5fa9d92b277ba10b328') in 0.026997 seconds 
  Import took 0.031127 seconds .

========================================================================
Received Import Request.
  Time since last request: 0.106612 seconds.
  path: Packages/com.unity.collab-proxy/Editor/PlasticSCM/Assets/Images/loading@2x.png
  artifactKey: Guid(5dbc069eb79bd4d43840847264d6d956) Importer(815301076,1909f56bfc062723c751e8b465ee728b)
Start importing Packages/com.unity.collab-proxy/Editor/PlasticSCM/Assets/Images/loading@2x.png using Guid(5dbc069eb79bd4d43840847264d6d956) Importer(815301076,1909f56bfc062723c751e8b465ee728b)  -> (artifact id: '7e721b10f4aff9ca9724493e2d3cf94f') in 0.030248 seconds 
  Import took 0.034624 seconds .

========================================================================
Received Import Request.
  Time since last request: 0.000282 seconds.
  path: Packages/com.unity.collab-proxy/Editor/PlasticSCM/Assets/Images/notondisk.png
  artifactKey: Guid(b205f4b28f59dda49af458b35d8a3ff3) Importer(815301076,1909f56bfc062723c751e8b465ee728b)
Start importing Packages/com.unity.collab-proxy/Editor/PlasticSCM/Assets/Images/notondisk.png using Guid(b205f4b28f59dda49af458b35d8a3ff3) Importer(815301076,1909f56bfc062723c751e8b465ee728b)  -> (artifact id: '86bdc4e333edc2d07181da3334980ae9') in 0.031826 seconds 
  Import took 0.035709 seconds .

========================================================================
Received Import Request.
  Time since last request: 0.178976 seconds.
  path: Packages/com.unity.collab-proxy/Editor/PlasticSCM/Assets/Images/ignored.png
  artifactKey: Guid(595bc97bc8e1e0b46bd4c2148ba3723a) Importer(815301076,1909f56bfc062723c751e8b465ee728b)
Start importing Packages/com.unity.collab-proxy/Editor/PlasticSCM/Assets/Images/ignored.png using Guid(595bc97bc8e1e0b46bd4c2148ba3723a) Importer(815301076,1909f56bfc062723c751e8b465ee728b)  -> (artifact id: 'a41c90eeae7f009467ef64ab4c4d3083') in 0.028840 seconds 
  Import took 0.033432 seconds .

========================================================================
Received Import Request.
  Time since last request: 0.000322 seconds.
  path: Packages/com.unity.collab-proxy/Editor/PlasticSCM/Assets/Images/loading.png
  artifactKey: Guid(c6b1bcaa3f4767141acd747384dbb276) Importer(815301076,1909f56bfc062723c751e8b465ee728b)
Start importing Packages/com.unity.collab-proxy/Editor/PlasticSCM/Assets/Images/loading.png using Guid(c6b1bcaa3f4767141acd747384dbb276) Importer(815301076,1909f56bfc062723c751e8b465ee728b)  -> (artifact id: 'f1a4cad4d449c1634fdcc2c548054810') in 0.032787 seconds 
  Import took 0.037055 seconds .

========================================================================
Received Prepare
Registering precompiled user dll's ...
Registered in 0.015712 seconds.
Begin MonoManager ReloadAssembly
Native extension for WindowsStandalone target not found
Refreshing native plugins compatible for Editor in 0.71 ms, found 2 plugins.
Preloading 0 native plugins for Editor in 0.00 ms.
Mono: successfully reloaded assembly
- Completed reload, in  2.803 seconds
Platform modules already initialized, skipping
Refreshing native plugins compatible for Editor in 0.68 ms, found 2 plugins.
Preloading 0 native plugins for Editor in 0.00 ms.
Unloading 1671 Unused Serialized files (Serialized files now loaded: 0)
System memory in use before: 79.4 MB.
System memory in use after: 79.5 MB.

Unloading 15 unused Assets to reduce memory usage. Loaded Objects now: 2188.
Total: 8.153300 ms (FindLiveObjects: 0.356600 ms CreateObjectMapping: 0.168500 ms MarkObjects: 7.397600 ms  DeleteObjects: 0.225900 ms)

AssetImportParameters requested are different than current active one (requested -> active):
  custom:framework-win-MediaFoundation: 216162199b28c13a410421893ffa2e32 -> 
  custom:video-decoder-ogg-theora: a1e56fd34408186e4bbccfd4996cb3dc -> 
  custom:container-muxer-webm: aa71ff27fc2769a1b78a27578f13a17b -> 
  custom:container-demuxer-webm: 4f35f7cbe854078d1ac9338744f61a02 -> 
  custom:container-demuxer-ogg: 62fdf1f143b41e24485cea50d1cbac27 -> 
  custom:video-encoder-webm-vp8: eb34c28f22e8b96e1ab97ce403110664 -> 
  custom:video-decoder-webm-vp8: 9c59270c3fd7afecdb556c50c9e8de78 -> 
  custom:audio-decoder-ogg-vorbis: bf7c407c2cedff20999df2af8eb42d56 -> 
  custom:audio-encoder-webm-vorbis: bf7c407c2cedff20999df2af8eb42d56 -> 
AssetImportWorkerClient::OnTransportError - code=2 error=End of file
